[2013-06-20 09:46:28] [user]:sovann [module]:rsvAcl [controller]:acl [action]:add-acl [id]:28
[2013-06-20 09:46:56] [user]:sovann [module]:rsvAcl [controller]:acl [action]:add-acl [id]:29
[2013-06-20 09:47:15] [user]:sovann [module]:rsvAcl [controller]:acl [action]:edit-acl [id]:28
[2013-06-20 09:47:38] [user]:sovann [module]:rsvAcl [controller]:user-access [action]:update-status [id]:28
[2013-06-20 09:47:39] [user]:sovann [module]:rsvAcl [controller]:user-access [action]:update-status [id]:29
[2013-06-20 09:47:52] [user]:sovann [module]:rsvAcl [controller]:user-access [action]:update-status [id]:25
[2013-06-20 09:47:53] [user]:sovann [module]:rsvAcl [controller]:user-access [action]:update-status [id]:26
[2013-06-20 09:47:54] [user]:sovann [module]:rsvAcl [controller]:user-access [action]:update-status [id]:27
[2013-06-20 09:47:54] [user]:sovann [module]:rsvAcl [controller]:user-access [action]:update-status [id]:28
[2013-06-20 09:47:55] [user]:sovann [module]:rsvAcl [controller]:user-access [action]:update-status [id]:29
[2013-06-20 09:50:58] [user]:sovann [module]:rsvAcl [controller]:user-access [action]:update-status [id]:25
[2013-06-20 09:51:01] [user]:sovann [module]:rsvAcl [controller]:user-access [action]:update-status [id]:26
[2013-06-20 09:51:15] [user]:sovann [module]:rsvAcl [controller]:user-access [action]:update-status [id]:27
[2013-06-20 09:51:34] [user]:sovann [module]:rsvAcl [controller]:user-type [action]:edit-user-type [id]:5
[2013-06-20 09:51:48] [user]:sovann [module]:rsvAcl [controller]:user-access [action]:update-status [id]:28
[2013-06-20 09:51:56] [user]:sovann [module]:rsvAcl [controller]:user-access [action]:update-status [id]:25
[2013-06-20 09:52:30] [user]:sovann [module]:rsvAcl [controller]:user-access [action]:update-status [id]:29
[2013-07-10 13:23:25] [user]:sovann [module]:rsvAcl [controller]:acl [action]:add-acl [id]:30
[2013-07-10 13:23:38] [user]:sovann [module]:rsvAcl [controller]:user-access [action]:update-status [id]:30
[2013-08-02 16:49:41] [user]:sovann [module]:rsvAcl [controller]:acl [action]:add-acl [id]:30
[2013-08-02 16:50:04] [user]:sovann [module]:rsvAcl [controller]:acl [action]:add-acl [id]:31
[2013-08-02 16:50:24] [user]:sovann [module]:rsvAcl [controller]:acl [action]:add-acl [id]:32
[2013-08-02 16:50:51] [user]:sovann [module]:rsvAcl [controller]:acl [action]:add-acl [id]:33
[2013-08-02 16:51:06] [user]:sovann [module]:rsvAcl [controller]:acl [action]:edit-acl [id]:33
[2013-08-02 16:52:07] [user]:sovann [module]:rsvAcl [controller]:user-access [action]:update-status [id]:30
[2013-08-02 16:52:08] [user]:sovann [module]:rsvAcl [controller]:user-access [action]:update-status [id]:31
[2013-08-02 16:52:09] [user]:sovann [module]:rsvAcl [controller]:user-access [action]:update-status [id]:32
[2013-08-02 16:52:10] [user]:sovann [module]:rsvAcl [controller]:user-access [action]:update-status [id]:33
[2013-08-02 16:52:31] [user]:sovann [module]:rsvAcl [controller]:user-access [action]:update-status [id]:33
[2013-08-02 16:52:32] [user]:sovann [module]:rsvAcl [controller]:user-access [action]:update-status [id]:32
[2013-08-02 16:52:32] [user]:sovann [module]:rsvAcl [controller]:user-access [action]:update-status [id]:31
[2013-08-02 16:52:33] [user]:sovann [module]:rsvAcl [controller]:user-access [action]:update-status [id]:30
[2013-08-02 16:53:14] [user]:sovann [module]:rsvAcl [controller]:user-access [action]:update-status [id]:22
[2013-08-02 16:53:20] [user]:sovann [module]:rsvAcl [controller]:user-access [action]:update-status [id]:23
[2013-08-02 16:53:33] [user]:sovann [module]:rsvAcl [controller]:user-access [action]:update-status [id]:31
[2013-08-02 16:53:41] [user]:sovann [module]:rsvAcl [controller]:user-access [action]:update-status [id]:24
[2013-08-02 16:53:43] [user]:sovann [module]:rsvAcl [controller]:user-access [action]:update-status [id]:33
[2013-08-02 16:54:16] [user]:sovann [module]:rsvAcl [controller]:user-access [action]:update-status [id]:32
[2013-08-02 16:54:19] [user]:sovann [module]:rsvAcl [controller]:user-access [action]:update-status [id]:30
[2013-10-10 22:07:44] [user]:sovann [module]:rsvAcl [controller]:acl [action]:add-acl [id]:34
[2013-10-10 22:08:01] [user]:sovann [module]:rsvAcl [controller]:user-access [action]:update-status [id]:34
[2013-10-10 22:08:27] [user]:sovann [module]:rsvAcl [controller]:user-access [action]:update-status [id]:34
[2014-02-21 13:50:49] [user]:sovann [module]:rsvAcl [controller]:acl [action]:add-acl [id]:35
[2014-02-21 13:52:44] [user]:sovann [module]:rsvAcl [controller]:user-access [action]:update-status [id]:35
[2014-08-14 10:25:14] [user]:sovann [module]:rsvAcl [controller]:acl [action]:add-acl [id]:36
[2014-08-14 10:25:50] [user]:sovann [module]:rsvAcl [controller]:acl [action]:add-acl [id]:37
[2014-08-14 10:26:23] [user]:sovann [module]:rsvAcl [controller]:acl [action]:add-acl [id]:38
[2014-08-14 10:26:45] [user]:sovann [module]:rsvAcl [controller]:acl [action]:add-acl [id]:39
[2014-08-14 10:30:49] [user]:sovann [module]:rsvAcl [controller]:user-access [action]:update-status [id]:36
[2014-08-14 10:31:00] [user]:sovann [module]:rsvAcl [controller]:user-access [action]:update-status [id]:37
[2014-08-14 10:31:04] [user]:sovann [module]:rsvAcl [controller]:user-access [action]:update-status [id]:38
[2014-08-14 10:31:05] [user]:sovann [module]:rsvAcl [controller]:user-access [action]:update-status [id]:39
[2014-08-20 16:17:14] [user]:sovann [module]:rsvAcl [controller]:acl [action]:add-acl [id]:40
[2014-08-20 16:17:30] [user]:sovann [module]:rsvAcl [controller]:acl [action]:add-acl [id]:41
[2014-08-20 16:17:50] [user]:sovann [module]:rsvAcl [controller]:acl [action]:add-acl [id]:42
[2014-08-20 16:18:03] [user]:sovann [module]:rsvAcl [controller]:user-access [action]:update-status [id]:41
[2014-08-20 16:18:04] [user]:sovann [module]:rsvAcl [controller]:user-access [action]:update-status [id]:42
[2014-08-20 16:18:17] [user]:sovann [module]:rsvAcl [controller]:user-access [action]:update-status [id]:40
[2014-09-08 10:04:34] [user]:sovann [module]:rsvAcl [controller]:acl [action]:add-acl [id]:43
[2014-09-08 10:05:16] [user]:sovann [module]:rsvAcl [controller]:user-access [action]:update-status [id]:43
[2014-09-11 11:28:24] [user]:sovann [module]:rsvAcl [controller]:acl [action]:add-acl [id]:44
[2014-09-11 11:32:08] [user]:sovann [module]:rsvAcl [controller]:user-access [action]:update-status [id]:44
[2014-11-12 11:17:03] [user]:sovann [module]:rsvAcl [controller]:acl [action]:add-acl [id]:45
[2014-11-12 11:17:12] [user]:sovann [module]:rsvAcl [controller]:user-access [action]:update-status [id]:45
[2014-11-24 13:55:28] [user]:sovann [module]:rsvAcl [controller]:user-type [action]:add-user-type [id]:6
[2014-11-24 13:56:21] [user]:sovann [module]:rsvAcl [controller]:user-access [action]:update-status [id]:25
[2014-11-24 13:56:23] [user]:sovann [module]:rsvAcl [controller]:user-access [action]:update-status [id]:25
[2014-11-24 13:56:24] [user]:sovann [module]:rsvAcl [controller]:user-access [action]:update-status [id]:25
[2014-11-24 13:56:25] [user]:sovann [module]:rsvAcl [controller]:user-access [action]:update-status [id]:25
[2014-11-24 13:56:26] [user]:sovann [module]:rsvAcl [controller]:user-access [action]:update-status [id]:26
[2014-11-24 13:56:28] [user]:sovann [module]:rsvAcl [controller]:user-access [action]:update-status [id]:27
[2014-11-24 13:56:29] [user]:sovann [module]:rsvAcl [controller]:user-access [action]:update-status [id]:28
[2014-11-24 13:56:30] [user]:sovann [module]:rsvAcl [controller]:user-access [action]:update-status [id]:29
[2014-11-24 13:56:41] [user]:sovann [module]:rsvAcl [controller]:user-access [action]:update-status [id]:36
[2014-11-24 13:56:42] [user]:sovann [module]:rsvAcl [controller]:user-access [action]:update-status [id]:37
[2014-11-24 13:56:43] [user]:sovann [module]:rsvAcl [controller]:user-access [action]:update-status [id]:38
[2014-11-24 13:56:44] [user]:sovann [module]:rsvAcl [controller]:user-access [action]:update-status [id]:39
[2014-11-24 13:56:45] [user]:sovann [module]:rsvAcl [controller]:user-access [action]:update-status [id]:40
[2014-11-24 13:56:45] [user]:sovann [module]:rsvAcl [controller]:user-access [action]:update-status [id]:41
[2014-11-24 13:56:47] [user]:sovann [module]:rsvAcl [controller]:user-access [action]:update-status [id]:42
